<?xml version="1.0" encoding="UTF-8"?>
<!-- Generated by org.testng.reporters.JUnitReportReporter -->
<testsuite skipped="0" hostname="INSGH045PMS0" name="Mccm.UnixTest.ExecuteScript" tests="1" failures="0" timestamp="2020-06-05T19:45:01 IST" time="1.057" errors="0">
  <testcase name="unixscript" time="1.057" classname="Mccm.UnixTest.ExecuteScript"/>
  <system-out/>
</testsuite> <!-- Mccm.UnixTest.ExecuteScript -->
