<?xml version="1.0" encoding="UTF-8"?>
<!-- Generated by org.testng.reporters.JUnitReportReporter -->
<testsuite skipped="0" hostname="INSGH045PMS0" name="Mccm.PegaTest.HomePageTest" tests="1" failures="0" timestamp="2020-06-08T14:36:35 IST" time="436.825" errors="0">
  <testcase name="VerifyDynamicSystemSettingSuccessfully" time="436.825" classname="Mccm.PegaTest.HomePageTest"/>
  <system-out/>
</testsuite> <!-- Mccm.PegaTest.HomePageTest -->
