<?xml version="1.0" encoding="UTF-8"?>
<!-- Generated by org.testng.reporters.JUnitReportReporter -->
<testsuite skipped="0" hostname="INSGH045PMS0" name="Mccm.PegaTest.PegamarktingTest" tests="1" failures="0" timestamp="2020-06-08T14:36:35 IST" time="656.091" errors="0">
  <testcase name="VerifyNBACampaignRunSuccessfully" time="656.091" classname="Mccm.PegaTest.PegamarktingTest"/>
  <system-out/>
</testsuite> <!-- Mccm.PegaTest.PegamarktingTest -->
