<?xml version="1.0" encoding="UTF-8"?>
<!-- Generated by org.testng.reporters.JUnitReportReporter -->
<testsuite skipped="0" hostname="INSGH045PMS0" name="Mccm.PegaTest.LoginPageTest" tests="3" failures="0" timestamp="2020-06-08T15:48:10 IST" time="30.460" errors="0">
  <testcase name="VerifyLoginPageTitleTest" time="8.159" classname="Mccm.PegaTest.LoginPageTest"/>
  <system-out/>
  <testcase name="VerifyPegaLogoTest" time="6.858" classname="Mccm.PegaTest.LoginPageTest"/>
  <system-out/>
  <testcase name="VerifyLoginSuccessfulTest" time="15.443" classname="Mccm.PegaTest.LoginPageTest"/>
  <system-out/>
</testsuite> <!-- Mccm.PegaTest.LoginPageTest -->
