<?xml version="1.0" encoding="UTF-8"?>
<!-- Generated by org.testng.reporters.JUnitReportReporter -->
<testsuite skipped="0" hostname="INSGH045PMS0" name="Mccm.Unix.Inbound.App_Inbound_KIASEPOS" tests="1" failures="0" timestamp="2020-07-28T16:01:16 IST" time="15.593" errors="0">
  <testcase name="VerifyKIASEPOSFileLoadSuccessfully" time="15.593" classname="Mccm.Unix.Inbound.App_Inbound_KIASEPOS"/>
  <system-out/>
</testsuite> <!-- Mccm.Unix.Inbound.App_Inbound_KIASEPOS -->
