<?xml version="1.0" encoding="UTF-8"?>
<!-- Generated by org.testng.reporters.JUnitReportReporter -->
<testsuite skipped="0" hostname="INSGH045PMS0" name="com.mccm.automation.Upload_Inbound_KIASEPOS" tests="1" failures="0" timestamp="2020-07-28T15:37:08 IST" time="9.892" errors="0">
  <testcase name="VerifyDataLoadSuccessfully" time="9.892" classname="com.mccm.automation.Upload_Inbound_KIASEPOS"/>
  <system-out/>
</testsuite> <!-- com.mccm.automation.Upload_Inbound_KIASEPOS -->
