<?xml version="1.0" encoding="UTF-8"?>
<!-- Generated by org.testng.reporters.JUnitReportReporter -->
<testsuite skipped="0" hostname="INSGH045PMS0" name="com.mccm.automation.FilesAvailabilityCheckInbound" tests="1" failures="0" timestamp="2020-07-24T11:27:16 IST" time="8.530" errors="0">
  <testcase name="main" time="8.530" classname="com.mccm.automation.FilesAvailabilityCheckInbound"/>
  <system-out/>
</testsuite> <!-- com.mccm.automation.FilesAvailabilityCheckInbound -->
