<?xml version="1.0" encoding="UTF-8"?>
<!-- Generated by org.testng.reporters.JUnitReportReporter -->
<testsuite skipped="0" hostname="INSGH045PMS0" name="com.mccm.automation.App_Inbound" tests="1" failures="0" timestamp="2020-07-24T15:50:45 IST" time="17.021" errors="0">
  <testcase name="VerifyKIASEPOSFileLoadSuccessfully" time="17.021" classname="com.mccm.automation.App_Inbound"/>
  <system-out/>
</testsuite> <!-- com.mccm.automation.App_Inbound -->
