<?xml version="1.0" encoding="UTF-8"?>
<!-- Generated by org.testng.reporters.JUnitReportReporter -->
<testsuite skipped="0" hostname="INSGH045PMS0" name="com.mccm.automation.App_Inbound_KIASEPOS" tests="1" failures="0" timestamp="2020-07-27T11:14:47 IST" time="15.108" errors="0">
  <testcase name="VerifyKIASEPOSFileLoadSuccessfully" time="15.108" classname="com.mccm.automation.App_Inbound_KIASEPOS"/>
  <system-out/>
</testsuite> <!-- com.mccm.automation.App_Inbound_KIASEPOS -->
