<?xml version="1.0" encoding="UTF-8"?>
<!-- Generated by org.testng.reporters.JUnitReportReporter -->
<testsuite skipped="0" hostname="INSGH045PMS0" name="com.mycompany.app.Upload_Inbound_KIASEPOS" tests="1" failures="0" timestamp="2020-07-27T19:11:53 IST" time="8.515" errors="0">
  <testcase name="VerifyKIASEPOSFileLoadSuccessfully" time="8.515" classname="com.mycompany.app.Upload_Inbound_KIASEPOS"/>
  <system-out/>
</testsuite> <!-- com.mycompany.app.Upload_Inbound_KIASEPOS -->
