<?xml version="1.0" encoding="UTF-8"?>
<!-- Generated by org.testng.reporters.JUnitReportReporter -->
<testsuite skipped="0" hostname="INSGH045PMS0" name="com.mycompany.app.App" tests="1" failures="0" timestamp="2020-07-27T18:44:28 IST" time="6.816" errors="0">
  <testcase name="VerifyDataLoadSuccessfully" time="6.816" classname="com.mycompany.app.App"/>
  <system-out/>
</testsuite> <!-- com.mycompany.app.App -->
