<?xml version="1.0" encoding="UTF-8"?>
<!-- Generated by org.testng.reporters.JUnitReportReporter -->
<testsuite skipped="0" hostname="INSGH045PMS0" name="com.mccm.automation.App" tests="1" failures="0" timestamp="2020-07-24T15:20:54 IST" time="9.851" errors="0">
  <testcase name="VerifyDataLoadSuccessfully" time="9.851" classname="com.mccm.automation.App"/>
  <system-out/>
</testsuite> <!-- com.mccm.automation.App -->
