<?xml version="1.0" encoding="UTF-8"?>
<!-- Generated by org.testng.reporters.JUnitReportReporter -->
<testsuite skipped="0" hostname="INSGH045PMS0" name="com.mccm.automation.FilesAvailabilityCheck_CassandraInbound" tests="1" failures="0" timestamp="2020-07-24T11:34:43 IST" time="1.035" errors="0">
  <testcase name="main" time="1.035" classname="com.mccm.automation.FilesAvailabilityCheck_CassandraInbound"/>
  <system-out/>
</testsuite> <!-- com.mccm.automation.FilesAvailabilityCheck_CassandraInbound -->
