<?xml version="1.0" encoding="UTF-8"?>
<!-- Generated by org.testng.reporters.JUnitReportReporter -->
<testsuite skipped="0" hostname="INSGH045PMS0" name="com.mycompany.app.App_Inbound_KIASEPOS" tests="1" failures="0" timestamp="2020-07-28T15:47:42 IST" time="2.784" errors="0">
  <testcase name="VerifyKIASEPOSFileLoadSuccessfully" time="2.784" classname="com.mycompany.app.App_Inbound_KIASEPOS"/>
  <system-out/>
</testsuite> <!-- com.mycompany.app.App_Inbound_KIASEPOS -->
