<?xml version="1.0" encoding="UTF-8"?>
<!-- Generated by org.testng.reporters.JUnitReportReporter -->
<testsuite skipped="0" hostname="INSGH045PMS0" name="Mccm.PegaTest.HomePageTest" tests="1" failures="0" timestamp="2020-06-08T15:26:27 IST" time="443.621" errors="0">
  <testcase name="VerifyDynamicSystemSettingSuccessfully" time="443.621" classname="Mccm.PegaTest.HomePageTest"/>
</testsuite> <!-- Mccm.PegaTest.HomePageTest -->
