<?xml version="1.0" encoding="UTF-8"?>
<!-- Generated by org.testng.reporters.JUnitReportReporter -->
<testsuite skipped="0" hostname="INSGH045PMS0" name="Mccm.PegaTest.LoginPageTest" tests="3" failures="0" timestamp="2020-06-09T15:05:42 IST" time="33.822" errors="0">
  <testcase name="VerifyLoginPageTitleTest" time="6.537" classname="Mccm.PegaTest.LoginPageTest"/>
  <testcase name="VerifyPegaLogoTest" time="7.918" classname="Mccm.PegaTest.LoginPageTest"/>
  <testcase name="VerifyLoginSuccessfulTest" time="19.367" classname="Mccm.PegaTest.LoginPageTest"/>
</testsuite> <!-- Mccm.PegaTest.LoginPageTest -->
